============================= test session starts =============================
platform win32 -- Python 3.12.10, pytest-7.4.4, pluggy-1.6.0 -- C:\Users\abhin\Desktop\ophilliaHRMS\services\auth-service\venv\Scripts\python.exe
cachedir: .pytest_cache
metadata: {'Python': '3.12.10', 'Platform': 'Windows-11-10.0.26200-SP0', 'Packages': {'pytest': '7.4.4', 'pluggy': '1.6.0'}, 'Plugins': {'anyio': '4.12.1', 'asyncio': '0.23.3', 'html': '4.1.1', 'metadata': '3.1.1'}, 'JAVA_HOME': 'C:\\Program Files\\Java\\jdk-21'}
rootdir: C:\Users\abhin\Desktop\ophilliaHRMS\services\auth-service
plugins: anyio-4.12.1, asyncio-0.23.3, html-4.1.1, metadata-3.1.1
asyncio: mode=Mode.STRICT
collecting ... collected 10 items

tests/unit/test_auth_service.py::TestAuthService::test_register_user_success PASSED [ 10%]
tests/unit/test_auth_service.py::TestAuthService::test_register_user_duplicate_email PASSED [ 20%]
tests/unit/test_auth_service.py::TestAuthService::test_authenticate_user_invalid_credentials PASSED [ 30%]
tests/unit/test_auth_service.py::TestAuthService::test_authenticate_user_inactive PASSED [ 40%]
tests/integration/test_auth_api.py::test_auth_status_endpoint PASSED     [ 50%]
tests/integration/test_auth_api.py::test_register_api PASSED             [ 60%]
tests/integration/test_auth_api.py::test_login_api PASSED                [ 70%]
tests/integration/test_auth_api.py::test_validation_error_returns_envelope PASSED [ 80%]
tests/integration/test_auth_api.py::test_not_found_returns_envelope FAILED [ 90%]
tests/integration/test_auth_api.py::test_unauthorized_returns_envelope PASSED [100%]

================================== FAILURES ===================================
_______________________ test_not_found_returns_envelope _______________________
tests\integration\test_auth_api.py:107: in test_not_found_returns_envelope
    assert body["success"] is False
E   KeyError: 'success'
---------------------------- Captured stderr call -----------------------------
{"timestamp": "2026-03-12T04:07:43.015090+00:00", "level": "INFO", "service_name": "auth-service", "logger": "app.middleware.request_id", "message": "Request completed", "request_id": "0baf5e0c-0fb3-454f-9365-de29d6a1f65e", "method": "GET", "path": "/api/v1/does-not-exist", "status_code": 404, "duration_ms": 0.37}
{"timestamp": "2026-03-12T04:07:43.015090+00:00", "level": "INFO", "service_name": "auth-service", "logger": "httpx", "message": "HTTP Request: GET http://testserver/api/v1/does-not-exist \"HTTP/1.1 404 Not Found\""}
------------------------------ Captured log call ------------------------------
INFO     app.middleware.request_id:request_id.py:19 Request completed
INFO     httpx:_client.py:1758 HTTP Request: GET http://testserver/api/v1/does-not-exist "HTTP/1.1 404 Not Found"
============================== warnings summary ===============================
tests/unit/test_auth_service.py::TestAuthService::test_register_user_success
  C:\Users\abhin\Desktop\ophilliaHRMS\services\auth-service\venv\Lib\site-packages\passlib\handlers\argon2.py:716: DeprecationWarning: Accessing argon2.__version__ is deprecated and will be removed in a future release. Use importlib.metadata directly to query for structlog's packaging metadata.
    _argon2_cffi.__version__, max_version)

-- Docs: https://docs.pytest.org/en/stable/how-to/capture-warnings.html
=========================== short test summary info ===========================
FAILED tests/integration/test_auth_api.py::test_not_found_returns_envelope - ...
=================== 1 failed, 9 passed, 1 warning in 1.87s ====================
